2021-01-18 00:53:56,522 INFO corekci.makecall.MakeCallAppApplication [main] Starting MakeCallAppApplication using Java 1.8.0_181 on DESKTOP-GRHPEIN with PID 16000 (C:\Users\Atadam\Documents\workspace-spring-tool-suite-4-4.4.2.RELEASE\MakeCallAPP\target\classes started by Atadam in C:\Users\Atadam\Documents\workspace-spring-tool-suite-4-4.4.2.RELEASE\MakeCallAPP)
2021-01-18 00:53:56,850 INFO corekci.makecall.MakeCallAppApplication [main] No active profile set, falling back to default profiles: default
2021-01-18 00:53:58,135 INFO org.springframework.boot.web.embedded.tomcat.TomcatWebServer [main] Tomcat initialized with port(s): 8080 (http)
2021-01-18 00:53:58,484 INFO org.apache.catalina.core.StandardService [main] Starting service [Tomcat]
2021-01-18 00:53:58,832 INFO org.apache.catalina.core.StandardEngine [main] Starting Servlet engine: [Apache Tomcat/9.0.41]
2021-01-18 00:53:59,480 INFO org.apache.catalina.core.ContainerBase.[Tomcat].[localhost].[/] [main] Initializing Spring embedded WebApplicationContext
2021-01-18 00:53:59,824 INFO org.springframework.boot.web.servlet.context.ServletWebServerApplicationContext [main] Root WebApplicationContext: initialization completed in 2572 ms
2021-01-18 00:54:00,342 INFO org.springframework.scheduling.concurrent.ThreadPoolTaskExecutor [main] Initializing ExecutorService 'applicationTaskExecutor'
2021-01-18 00:54:00,807 INFO org.springframework.boot.web.embedded.tomcat.TomcatWebServer [main] Tomcat started on port(s): 8080 (http) with context path ''
2021-01-18 00:54:01,128 INFO corekci.makecall.MakeCallAppApplication [main] Started MakeCallAppApplication in 5.073 seconds (JVM running for 6.074)
2021-01-18 00:54:15,532 INFO org.apache.catalina.core.ContainerBase.[Tomcat].[localhost].[/] [http-nio-8080-exec-1] Initializing Spring DispatcherServlet 'dispatcherServlet'
2021-01-18 00:54:15,875 INFO org.springframework.web.servlet.DispatcherServlet [http-nio-8080-exec-1] Initializing Servlet 'dispatcherServlet'
2021-01-18 00:54:16,177 INFO org.springframework.web.servlet.DispatcherServlet [http-nio-8080-exec-1] Completed initialization in 0 ms
2021-01-18 00:54:16,560 INFO corekci.makecall.service.MakeCallService [http-nio-8080-exec-1] Call made: Call [caller=callerTest, callee=calleeTest, callType=X]
2021-01-18 00:54:16,873 INFO corekci.makecall.service.MakeCallService [http-nio-8080-exec-1] Call response: This is a(n) X call!
2021-01-18 00:54:29,081 INFO corekci.makecall.service.MakeCallService [http-nio-8080-exec-3] Call made: Call [caller=callerTest, callee=calleeTest, callType=REGULAR]
2021-01-18 00:54:29,438 INFO corekci.makecall.service.MakeCallService [http-nio-8080-exec-3] Call response: This is a(n) REGULAR call!
2021-01-18 00:57:49,116 INFO org.springframework.boot.admin.SpringApplicationAdminMXBeanRegistrar$SpringApplicationAdmin [RMI TCP Connection(9)-127.0.0.1] Application shutdown requested.
2021-01-18 00:57:49,767 INFO org.springframework.scheduling.concurrent.ThreadPoolTaskExecutor [RMI TCP Connection(9)-127.0.0.1] Shutting down ExecutorService 'applicationTaskExecutor'
2021-01-18 00:57:55,462 INFO corekci.makecall.MakeCallAppApplication [main] Starting MakeCallAppApplication using Java 1.8.0_181 on DESKTOP-GRHPEIN with PID 10252 (C:\Users\Atadam\Documents\workspace-spring-tool-suite-4-4.4.2.RELEASE\MakeCallAPP\target\classes started by Atadam in C:\Users\Atadam\Documents\workspace-spring-tool-suite-4-4.4.2.RELEASE\MakeCallAPP)
2021-01-18 00:57:55,760 INFO corekci.makecall.MakeCallAppApplication [main] No active profile set, falling back to default profiles: default
2021-01-18 00:57:56,878 INFO org.springframework.boot.web.embedded.tomcat.TomcatWebServer [main] Tomcat initialized with port(s): 8080 (http)
2021-01-18 00:57:57,220 INFO org.apache.catalina.core.StandardService [main] Starting service [Tomcat]
2021-01-18 00:57:57,555 INFO org.apache.catalina.core.StandardEngine [main] Starting Servlet engine: [Apache Tomcat/9.0.41]
2021-01-18 00:57:57,941 INFO org.apache.catalina.core.ContainerBase.[Tomcat].[localhost].[/] [main] Initializing Spring embedded WebApplicationContext
2021-01-18 00:57:58,262 INFO org.springframework.boot.web.servlet.context.ServletWebServerApplicationContext [main] Root WebApplicationContext: initialization completed in 2123 ms
2021-01-18 00:57:58,751 INFO org.springframework.scheduling.concurrent.ThreadPoolTaskExecutor [main] Initializing ExecutorService 'applicationTaskExecutor'
2021-01-18 00:57:59,280 INFO org.springframework.boot.web.embedded.tomcat.TomcatWebServer [main] Tomcat started on port(s): 8080 (http) with context path ''
2021-01-18 00:57:59,619 INFO corekci.makecall.MakeCallAppApplication [main] Started MakeCallAppApplication in 4.585 seconds (JVM running for 5.454)
2021-01-18 00:58:04,368 INFO org.apache.catalina.core.ContainerBase.[Tomcat].[localhost].[/] [http-nio-8080-exec-1] Initializing Spring DispatcherServlet 'dispatcherServlet'
2021-01-18 00:58:04,705 INFO org.springframework.web.servlet.DispatcherServlet [http-nio-8080-exec-1] Initializing Servlet 'dispatcherServlet'
2021-01-18 00:58:05,009 INFO org.springframework.web.servlet.DispatcherServlet [http-nio-8080-exec-1] Completed initialization in 1 ms
2021-01-18 00:58:05,471 INFO corekci.makecall.service.MakeCallService [http-nio-8080-exec-1] Call made: Call [caller=callerTest, callee=calleeTest, callType=REGULAR]
2021-01-18 00:58:05,859 INFO corekci.makecall.service.MakeCallService [http-nio-8080-exec-1] Call response: This is a(n) REGULAR call!
2021-01-18 00:58:11,541 INFO corekci.makecall.service.MakeCallService [http-nio-8080-exec-2] Call made: Call [caller=callerTest, callee=calleeTest, callType=REGULAR]
2021-01-18 00:58:11,993 INFO corekci.makecall.service.MakeCallService [http-nio-8080-exec-2] Call response: This is a(n) REGULAR call!
2021-01-18 00:58:21,508 INFO corekci.makecall.exceptions.GlobalControllerExceptionHandler [http-nio-8080-exec-4] An InvalidFormatException has occured: JSON parse error: Cannot deserialize value of type `corekci.makecall.utility.CallType` from String "regularr": not one of the values accepted for Enum class: [X, REGULAR, ANONYMOUS]; nested exception is com.fasterxml.jackson.databind.exc.InvalidFormatException: Cannot deserialize value of type `corekci.makecall.utility.CallType` from String "regularr": not one of the values accepted for Enum class: [X, REGULAR, ANONYMOUS]
 at [Source: (PushbackInputStream); line: 4, column: 17] (through reference chain: corekci.makecall.model.Call["callType"])
2021-01-18 01:01:09,318 INFO org.springframework.boot.admin.SpringApplicationAdminMXBeanRegistrar$SpringApplicationAdmin [RMI TCP Connection(4)-127.0.0.1] Application shutdown requested.
2021-01-18 01:01:10,000 INFO org.springframework.scheduling.concurrent.ThreadPoolTaskExecutor [RMI TCP Connection(4)-127.0.0.1] Shutting down ExecutorService 'applicationTaskExecutor'
